<?xml version="1.0" encoding="UTF-8"?>
<testng-results skipped="0" failed="0" ignored="0" total="2" passed="2">
  <reporter-output>
  </reporter-output>
  <suite name="Default suite" duration-ms="18593" started-at="2020-09-29T23:09:56Z" finished-at="2020-09-29T23:10:15Z">
    <groups>
    </groups>
    <test name="Default test" duration-ms="18593" started-at="2020-09-29T23:09:56Z" finished-at="2020-09-29T23:10:15Z">
      <class name="com.functional.testing.TestExecution">
        <test-method status="PASS" signature="test1()[pri:0, instance:com.functional.testing.TestExecution@59494225]" name="test1" duration-ms="12230" started-at="2020-09-29T23:09:56Z" finished-at="2020-09-29T23:10:08Z">
          <reporter-output>
          </reporter-output>
        </test-method> <!-- test1 -->
        <test-method status="PASS" signature="test2()[pri:0, instance:com.functional.testing.TestExecution@59494225]" name="test2" duration-ms="6317" started-at="2020-09-29T23:10:08Z" finished-at="2020-09-29T23:10:15Z">
          <reporter-output>
          </reporter-output>
        </test-method> <!-- test2 -->
      </class> <!-- com.functional.testing.TestExecution -->
    </test> <!-- Default test -->
  </suite> <!-- Default suite -->
</testng-results>
